<?xml version="1.0" encoding="UTF-8"?>
<!-- Generated by org.testng.reporters.JUnitReportReporter -->
<testsuite hostname="DESKTOP-1UR5ED5" failures="0" tests="3" name="com.hrm.qa.testcases.AccountInfoPageTest" time="36.183" errors="0" timestamp="29 Sep 2023 06:33:15 GMT" skipped="0">
  <testcase classname="com.hrm.qa.testcases.AccountInfoPageTest" name="accountInfoPageTitleTest" time="11.659"/>
  <testcase classname="com.hrm.qa.testcases.AccountInfoPageTest" name="clickOnContinueBtnTest" time="11.082"/>
  <testcase classname="com.hrm.qa.testcases.AccountInfoPageTest" name="verifyEditYourAccInfoTest" time="13.442"/>
</testsuite> <!-- com.hrm.qa.testcases.AccountInfoPageTest -->
