<?xml version="1.0" encoding="UTF-8"?>
<!-- Generated by org.testng.reporters.JUnitReportReporter -->
<testsuite hostname="DESKTOP-1UR5ED5" failures="0" tests="3" name="com.hrm.qa.testcases.LoginPageTest" time="21.222" errors="0" timestamp="28 Sep 2023 12:40:08 GMT" skipped="0">
  <testcase classname="com.hrm.qa.testcases.LoginPageTest" name="loginPageTitleTest" time="5.949"/>
  <testcase classname="com.hrm.qa.testcases.LoginPageTest" name="nalLogoTest" time="7.901"/>
  <testcase classname="com.hrm.qa.testcases.LoginPageTest" name="loginTest" time="7.372"/>
</testsuite> <!-- com.hrm.qa.testcases.LoginPageTest -->
