<?xml version="1.0" encoding="UTF-8"?>
<!-- Generated by org.testng.reporters.JUnitReportReporter -->
<testsuite hostname="DESKTOP-1UR5ED5" failures="0" tests="3" name="com.hrm.qa.testcases.LoginPageTest" time="19.901" errors="0" timestamp="29 Sep 2023 06:33:15 GMT" skipped="0">
  <testcase classname="com.hrm.qa.testcases.LoginPageTest" name="loginPageTitleTest" time="6.729"/>
  <testcase classname="com.hrm.qa.testcases.LoginPageTest" name="loginTest" time="7.274"/>
  <testcase classname="com.hrm.qa.testcases.LoginPageTest" name="nalLogoTest" time="5.898"/>
</testsuite> <!-- com.hrm.qa.testcases.LoginPageTest -->
