<?xml version="1.0" encoding="UTF-8"?>
<!-- Generated by org.testng.reporters.JUnitReportReporter -->
<testsuite hostname="DESKTOP-1UR5ED5" failures="0" tests="2" name="com.hrm.qa.testcases.DashBoardPageTest" time="15.493" errors="0" timestamp="28 Sep 2023 12:40:08 GMT" skipped="0">
  <testcase classname="com.hrm.qa.testcases.DashBoardPageTest" name="dashboardPageTitleTest" time="6.993"/>
  <testcase classname="com.hrm.qa.testcases.DashBoardPageTest" name="verifyEditYourAccInfoTest" time="8.500"/>
</testsuite> <!-- com.hrm.qa.testcases.DashBoardPageTest -->
