<?xml version="1.0" encoding="UTF-8"?>
<!-- Generated by org.testng.reporters.JUnitReportReporter -->
<testsuite hostname="DESKTOP-1UR5ED5" failures="0" tests="1" name="com.hrm.qa.testcases.MacBookPageTest" time="7.732" errors="0" timestamp="28 Sep 2023 11:37:04 GMT" skipped="0">
  <testcase classname="com.hrm.qa.testcases.MacBookPageTest" name="moveToDesktopLinkTest" time="7.732"/>
</testsuite> <!-- com.hrm.qa.testcases.MacBookPageTest -->
