<?xml version="1.0" encoding="UTF-8"?>
<!-- Generated by org.testng.reporters.JUnitReportReporter -->
<testsuite hostname="DESKTOP-1UR5ED5" failures="0" tests="1" name="com.hrm.qa.testcases.DesktopPageTest" time="8.905" errors="0" timestamp="28 Sep 2023 12:40:08 GMT" skipped="0">
  <testcase classname="com.hrm.qa.testcases.DesktopPageTest" name="moveToDesktopLinkTest" time="8.905"/>
</testsuite> <!-- com.hrm.qa.testcases.DesktopPageTest -->
