<?xml version="1.0" encoding="UTF-8"?>
<!-- Generated by org.testng.reporters.JUnitReportReporter -->
<testsuite hostname="DESKTOP-1UR5ED5" failures="0" tests="3" name="com.hrm.qa.testcases.AccountInfoPageTest" time="31.308" errors="0" timestamp="28 Sep 2023 12:40:08 GMT" skipped="0">
  <testcase classname="com.hrm.qa.testcases.AccountInfoPageTest" name="verifyEditYourAccInfoTest" time="11.870"/>
  <testcase classname="com.hrm.qa.testcases.AccountInfoPageTest" name="accountInfoPageTitleTest" time="8.076"/>
  <testcase classname="com.hrm.qa.testcases.AccountInfoPageTest" name="clickOnContinueBtnTest" time="11.362"/>
</testsuite> <!-- com.hrm.qa.testcases.AccountInfoPageTest -->
