<?xml version="1.0" encoding="UTF-8"?>
<!-- Generated by org.testng.reporters.JUnitReportReporter -->
<testsuite hostname="DESKTOP-1UR5ED5" failures="0" tests="1" name="com.hrm.qa.testcases.DesktopPageTest" time="9.104" errors="0" timestamp="29 Sep 2023 06:33:15 GMT" skipped="0">
  <testcase classname="com.hrm.qa.testcases.DesktopPageTest" name="moveToDesktopLinkTest" time="9.104"/>
</testsuite> <!-- com.hrm.qa.testcases.DesktopPageTest -->
