<?xml version="1.0" encoding="UTF-8"?>
<!-- Generated by org.testng.reporters.JUnitReportReporter -->
<testsuite hostname="DESKTOP-1UR5ED5" failures="0" tests="2" name="com.hrm.qa.testcases.DashBoardPageTest" time="18.029" errors="0" timestamp="29 Sep 2023 06:33:15 GMT" skipped="0">
  <testcase classname="com.hrm.qa.testcases.DashBoardPageTest" name="dashboardPageTitleTest" time="7.419"/>
  <testcase classname="com.hrm.qa.testcases.DashBoardPageTest" name="verifyEditYourAccInfoTest" time="10.610"/>
</testsuite> <!-- com.hrm.qa.testcases.DashBoardPageTest -->
