<?xml version="1.0" encoding="UTF-8"?>
<!-- Generated by org.testng.reporters.JUnitReportReporter -->
<testsuite hostname="DESKTOP-1UR5ED5" failures="0" tests="3" name="com.hrm.qa.testcases.LoginPageTest" time="20.780" errors="0" timestamp="29 Sep 2023 07:43:29 GMT" skipped="0">
  <testcase classname="com.hrm.qa.testcases.LoginPageTest" name="nalLogoTest" time="6.364"/>
  <testcase classname="com.hrm.qa.testcases.LoginPageTest" name="loginTest" time="7.612"/>
  <testcase classname="com.hrm.qa.testcases.LoginPageTest" name="loginPageTitleTest" time="6.804"/>
</testsuite> <!-- com.hrm.qa.testcases.LoginPageTest -->
