<?xml version="1.0" encoding="UTF-8"?>
<!-- Generated by org.testng.reporters.JUnitReportReporter -->
<testsuite hostname="DESKTOP-1UR5ED5" failures="0" tests="3" name="com.hrm.qa.testcases.AccountInfoPageTest" time="30.617" errors="0" timestamp="29 Sep 2023 07:43:29 GMT" skipped="0">
  <testcase classname="com.hrm.qa.testcases.AccountInfoPageTest" name="clickOnContinueBtnTest" time="10.127"/>
  <testcase classname="com.hrm.qa.testcases.AccountInfoPageTest" name="verifyEditYourAccInfoTest" time="11.060"/>
  <testcase classname="com.hrm.qa.testcases.AccountInfoPageTest" name="accountInfoPageTitleTest" time="9.430"/>
</testsuite> <!-- com.hrm.qa.testcases.AccountInfoPageTest -->
